gyp info it worked if it ends with ok
gyp verb cli [ '/usr/local/bin/node',
gyp verb cli   '/usr/local/lib/node_modules/npm/node_modules/node-gyp/bin/node-gyp.js',
gyp verb cli   'rebuild' ]
gyp info using node-gyp@3.0.3
gyp info using node@4.1.1 | linux | x64
gyp verb command rebuild []
gyp verb command clean []
gyp verb clean removing "build" directory
gyp verb command configure []
gyp verb check python checking for Python executable "python2" in the PATH
gyp verb `which` succeeded python2 /home/deriversatile/anaconda/bin/python2
gyp verb check python version `python2 -c "import platform; print(platform.python_version());"` returned: "2.7.10\n"
gyp verb get node dir no --target version specified, falling back to host node version: 4.1.1
gyp verb command install [ '4.1.1' ]
gyp verb install input version string "4.1.1"
gyp verb install installing version: 4.1.1
gyp verb install --ensure was passed, so won't reinstall if already installed
gyp verb install version is already installed, need to check "installVersion"
gyp verb got "installVersion" 9
gyp verb needs "installVersion" 9
gyp verb install version is good
gyp verb get node dir target node version installed: 4.1.1
gyp verb build dir attempting to create "build" dir: /home/deriversatile/Documents/Play/play24/play-gulp-projects/play-gulp-standalone/ui/node_modules/karma/node_modules/ws/build
gyp verb build dir "build" dir needed to be created? /home/deriversatile/Documents/Play/play24/play-gulp-projects/play-gulp-standalone/ui/node_modules/karma/node_modules/ws/build
gyp verb build/config.gypi creating config file
gyp verb build/config.gypi writing out config file: /home/deriversatile/Documents/Play/play24/play-gulp-projects/play-gulp-standalone/ui/node_modules/karma/node_modules/ws/build/config.gypi
gyp verb config.gypi checking for gypi file: /home/deriversatile/Documents/Play/play24/play-gulp-projects/play-gulp-standalone/ui/node_modules/karma/node_modules/ws/config.gypi
gyp verb common.gypi checking for gypi file: /home/deriversatile/Documents/Play/play24/play-gulp-projects/play-gulp-standalone/ui/node_modules/karma/node_modules/ws/common.gypi
gyp verb gyp gyp format was not specified; forcing "make"
gyp info spawn python2
gyp info spawn args [ '/usr/local/lib/node_modules/npm/node_modules/node-gyp/gyp/gyp_main.py',
gyp info spawn args   'binding.gyp',
gyp info spawn args   '-f',
gyp info spawn args   'make',
gyp info spawn args   '-I',
gyp info spawn args   '/home/deriversatile/Documents/Play/play24/play-gulp-projects/play-gulp-standalone/ui/node_modules/karma/node_modules/ws/build/config.gypi',
gyp info spawn args   '-I',
gyp info spawn args   '/usr/local/lib/node_modules/npm/node_modules/node-gyp/addon.gypi',
gyp info spawn args   '-I',
gyp info spawn args   '/home/deriversatile/.node-gyp/4.1.1/include/node/common.gypi',
gyp info spawn args   '-Dlibrary=shared_library',
gyp info spawn args   '-Dvisibility=default',
gyp info spawn args   '-Dnode_root_dir=/home/deriversatile/.node-gyp/4.1.1',
gyp info spawn args   '-Dnode_gyp_dir=/usr/local/lib/node_modules/npm/node_modules/node-gyp',
gyp info spawn args   '-Dnode_lib_file=node.lib',
gyp info spawn args   '-Dmodule_root_dir=/home/deriversatile/Documents/Play/play24/play-gulp-projects/play-gulp-standalone/ui/node_modules/karma/node_modules/ws',
gyp info spawn args   '--depth=.',
gyp info spawn args   '--no-parallel',
gyp info spawn args   '--generator-output',
gyp info spawn args   'build',
gyp info spawn args   '-Goutput_dir=.' ]
gyp verb command build []
gyp verb build type Release
gyp verb architecture x64
gyp verb node dev dir /home/deriversatile/.node-gyp/4.1.1
gyp verb `which` succeeded for `make` /usr/bin/make
gyp info spawn make
gyp info spawn args [ 'V=1', 'BUILDTYPE=Release', '-C', 'build' ]
In file included from ../src/bufferutil.cc:15:0:
../../nan/nan.h: In function ‘v8::Local<v8::Signature> NanNew(v8::Handle<v8::FunctionTemplate>, int, v8::Handle<v8::FunctionTemplate>*)’:
../../nan/nan.h:337:64: error: no matching function for call to ‘v8::Signature::New(v8::Isolate*&, v8::Handle<v8::FunctionTemplate>&, int&, v8::Handle<v8::FunctionTemplate>*&)’
     return v8::Signature::New(nan_isolate, receiver, argc, argv);
                                                                ^
../../nan/nan.h:337:64: note: candidate is:
In file included from ../src/bufferutil.cc:7:0:
/home/deriversatile/.node-gyp/4.1.1/include/node/v8.h:4675:27: note: static v8::Local<v8::Signature> v8::Signature::New(v8::Isolate*, v8::Local<v8::FunctionTemplate>)
   static Local<Signature> New(
                           ^
/home/deriversatile/.node-gyp/4.1.1/include/node/v8.h:4675:27: note:   candidate expects 2 arguments, 4 provided
In file included from ../src/bufferutil.cc:15:0:
../../nan/nan.h: At global scope:
../../nan/nan.h:409:19: error: ‘NanNew’ declared as an ‘inline’ variable
       v8::String::ExternalAsciiStringResource *resource) {
                   ^
../../nan/nan.h:409:19: warning: ‘always_inline’ attribute ignored [-Wattributes]
../../nan/nan.h:409:19: error: ‘v8::Local<v8::String> NanNew’ redeclared as different kind of symbol
../../nan/nan.h:403:36: error: previous declaration of ‘v8::Local<v8::String> NanNew(v8::String::ExternalStringResource*)’
   NAN_INLINE v8::Local<v8::String> NanNew(
                                    ^
../../nan/nan.h:409:7: error: ‘ExternalAsciiStringResource’ is not a member of ‘v8::String’
       v8::String::ExternalAsciiStringResource *resource) {
       ^
../../nan/nan.h:409:48: error: ‘resource’ was not declared in this scope
       v8::String::ExternalAsciiStringResource *resource) {
                                                ^
../../nan/nan.h:427:3: error: redefinition of ‘v8::Local<T> NanNew(P) [with T = v8::StringObject; P = v8::Local<v8::String>]’
   NanNew<v8::StringObject, v8::Handle<v8::String> >(
   ^
../../nan/nan.h:420:3: error: ‘v8::Local<T> NanNew(P) [with T = v8::StringObject; P = v8::Local<v8::String>]’ previously declared here
   NanNew<v8::StringObject, v8::Local<v8::String> >(
   ^
../../nan/nan.h:444:36: error: redefinition of ‘template<class T> v8::Local<v8::RegExp> NanNew(v8::Local<v8::String>, v8::RegExp::Flags)’
   NAN_INLINE v8::Local<v8::RegExp> NanNew(
                                    ^
../../nan/nan.h:438:36: error: ‘template<class T> v8::Local<v8::RegExp> NanNew(v8::Handle<v8::String>, v8::RegExp::Flags)’ previously declared here
   NAN_INLINE v8::Local<v8::RegExp> NanNew(
                                    ^
../../nan/nan.h:456:36: error: redefinition of ‘template<class T, class P> v8::Local<v8::RegExp> NanNew(v8::Local<v8::String>, v8::RegExp::Flags)’
   NAN_INLINE v8::Local<v8::RegExp> NanNew(
                                    ^
../../nan/nan.h:450:36: error: ‘template<class T, class P> v8::Local<v8::RegExp> NanNew(v8::Handle<v8::String>, v8::RegExp::Flags)’ previously declared here
   NAN_INLINE v8::Local<v8::RegExp> NanNew(
                                    ^
../../nan/nan.h:767:13: error: ‘node::smalloc’ has not been declared
     , node::smalloc::FreeCallback callback
             ^
../../nan/nan.h:767:35: error: expected ‘,’ or ‘...’ before ‘callback’
     , node::smalloc::FreeCallback callback
                                   ^
../../nan/nan.h: In function ‘v8::Local<v8::Object> NanNewBufferHandle(char*, size_t, int)’:
../../nan/nan.h:770:57: error: ‘callback’ was not declared in this scope
     return node::Buffer::New(nan_isolate, data, length, callback, hint);
                                                         ^
../../nan/nan.h:770:67: error: ‘hint’ was not declared in this scope
     return node::Buffer::New(nan_isolate, data, length, callback, hint);
                                                                   ^
../../nan/nan.h: In function ‘v8::Local<v8::Object> NanNewBufferHandle(const char*, uint32_t)’:
../../nan/nan.h:777:53: error: call of overloaded ‘New(v8::Isolate*&, const char*&, uint32_t&)’ is ambiguous
     return node::Buffer::New(nan_isolate, data, size);
                                                     ^
../../nan/nan.h:777:53: note: candidates are:
In file included from ../src/bufferutil.cc:9:0:
/home/deriversatile/.node-gyp/4.1.1/include/node/node_buffer.h:31:40: note: v8::MaybeLocal<v8::Object> node::Buffer::New(v8::Isolate*, v8::Local<v8::String>, node::encoding) <near match>
 NODE_EXTERN v8::MaybeLocal<v8::Object> New(v8::Isolate* isolate,
                                        ^
/home/deriversatile/.node-gyp/4.1.1/include/node/node_buffer.h:31:40: note:   no known conversion for argument 3 from ‘uint32_t {aka unsigned int}’ to ‘node::encoding’
/home/deriversatile/.node-gyp/4.1.1/include/node/node_buffer.h:43:40: note: v8::MaybeLocal<v8::Object> node::Buffer::New(v8::Isolate*, char*, size_t) <near match>
 NODE_EXTERN v8::MaybeLocal<v8::Object> New(v8::Isolate* isolate,
                                        ^
/home/deriversatile/.node-gyp/4.1.1/include/node/node_buffer.h:43:40: note:   no known conversion for argument 2 from ‘const char*’ to ‘char*’
In file included from ../src/bufferutil.cc:15:0:
../../nan/nan.h: In function ‘v8::Local<v8::Object> NanNewBufferHandle(uint32_t)’:
../../nan/nan.h:781:47: error: could not convert ‘node::Buffer::New(nan_isolate, ((size_t)size))’ from ‘v8::MaybeLocal<v8::Object>’ to ‘v8::Local<v8::Object>’
     return node::Buffer::New(nan_isolate, size);
                                               ^
../../nan/nan.h: In function ‘v8::Local<v8::Object> NanBufferUse(char*, uint32_t)’:
../../nan/nan.h:788:12: error: ‘Use’ is not a member of ‘node::Buffer’
     return node::Buffer::Use(nan_isolate, data, size);
            ^
../../nan/nan.h: In function ‘bool _NanGetExternalParts(v8::Handle<v8::Value>, const char**, size_t*)’:
../../nan/nan.h:1728:12: error: ‘class v8::String’ has no member named ‘IsExternalAscii’
   if (str->IsExternalAscii()) {
            ^
../../nan/nan.h:1729:11: error: ‘ExternalAsciiStringResource’ in ‘class v8::String’ does not name a type
     const v8::String::ExternalAsciiStringResource* ext;
           ^
../../nan/nan.h:1730:5: error: ‘ext’ was not declared in this scope
     ext = str->GetExternalAsciiStringResource();
     ^
../../nan/nan.h:1730:16: error: ‘class v8::String’ has no member named ‘GetExternalAsciiStringResource’
     ext = str->GetExternalAsciiStringResource();
                ^
make: *** [Release/obj.target/bufferutil/src/bufferutil.o] Error 1
gyp ERR! build error 
gyp ERR! stack Error: `make` failed with exit code: 2
gyp ERR! stack     at ChildProcess.onExit (/usr/local/lib/node_modules/npm/node_modules/node-gyp/lib/build.js:270:23)
gyp ERR! stack     at emitTwo (events.js:87:13)
gyp ERR! stack     at ChildProcess.emit (events.js:172:7)
gyp ERR! stack     at Process.ChildProcess._handle.onexit (internal/child_process.js:200:12)
gyp ERR! System Linux 3.13.0-63-generic
gyp ERR! command "/usr/local/bin/node" "/usr/local/lib/node_modules/npm/node_modules/node-gyp/bin/node-gyp.js" "rebuild"
gyp ERR! cwd /home/deriversatile/Documents/Play/play24/play-gulp-projects/play-gulp-standalone/ui/node_modules/karma/node_modules/ws
gyp ERR! node -v v4.1.1
gyp ERR! node-gyp -v v3.0.3
gyp ERR! not ok 
